Using pre-set license
Built from '2020.3/release' branch; Version is '2020.3.7f1 (dd97f2c94397) revision 14522354'; Using compiler version '192528614'; Build Type 'Release'
OS: 'Windows 10 Home; OS build 19043.1415; Version 2009; 64bit' Language: 'en' Physical Memory: 16257 MB
BatchMode: 1, IsHumanControllingUs: 0, StartBugReporterOnCrash: 0, Is64bit: 1, IsPro: 0

 COMMAND LINE ARGUMENTS:
C:\Program Files\Unity\Hub\Editor\2020.3.7f1\Editor\Unity.exe
-adb2
-batchMode
-noUpm
-name
AssetImportWorker0
-projectPath
D:/nickt/Documents/Unity Projects/NeonHeights2021-Git/NeonHeightsPhysics
-logFile
Logs/AssetImportWorker0.log
-srvPort
53917
Successfully changed project path to: D:/nickt/Documents/Unity Projects/NeonHeights2021-Git/NeonHeightsPhysics
D:/nickt/Documents/Unity Projects/NeonHeights2021-Git/NeonHeightsPhysics
Using Asset Import Pipeline V2.
Refreshing native plugins compatible for Editor in 48.12 ms, found 2 plugins.
Preloading 0 native plugins for Editor in 0.00 ms.
Initialize engine version: 2020.3.7f1 (dd97f2c94397)
[Subsystems] Discovering subsystems at path C:/Program Files/Unity/Hub/Editor/2020.3.7f1/Editor/Data/Resources/UnitySubsystems
[Subsystems] Discovering subsystems at path D:/nickt/Documents/Unity Projects/NeonHeights2021-Git/NeonHeightsPhysics/Assets
GfxDevice: creating device client; threaded=0
Direct3D:
    Version:  Direct3D 11.0 [level 11.1]
    Renderer: NVIDIA GeForce GTX 1060 (ID=0x1c20)
    Vendor:   
    VRAM:     6052 MB
    Driver:   30.0.14.7196
Shader 'Universal Render Pipeline/Particles/Lit': fallback shader 'Universal Render Pipeline/Particles/SimpleLit' not found
Initialize mono
Mono path[0] = 'C:/Program Files/Unity/Hub/Editor/2020.3.7f1/Editor/Data/Managed'
Mono path[1] = 'C:/Program Files/Unity/Hub/Editor/2020.3.7f1/Editor/Data/MonoBleedingEdge/lib/mono/unityjit'
Mono config path = 'C:/Program Files/Unity/Hub/Editor/2020.3.7f1/Editor/Data/MonoBleedingEdge/etc'
Using monoOptions --debugger-agent=transport=dt_socket,embedding=1,server=y,suspend=n,address=127.0.0.1:56752
Begin MonoManager ReloadAssembly
Registering precompiled unity dll's ...
Register platform support module: C:/Program Files/Unity/Hub/Editor/2020.3.7f1/Editor/Data/PlaybackEngines/WindowsStandaloneSupport/UnityEditor.WindowsStandalone.Extensions.dll
Registered in 0.001930 seconds.
Native extension for WindowsStandalone target not found
Refreshing native plugins compatible for Editor in 48.79 ms, found 2 plugins.
Preloading 0 native plugins for Editor in 0.00 ms.
Mono: successfully reloaded assembly
- Completed reload, in  1.074 seconds
Platform modules already initialized, skipping
Registering precompiled user dll's ...
Registered in 0.004082 seconds.
Begin MonoManager ReloadAssembly
Native extension for WindowsStandalone target not found
Refreshing native plugins compatible for Editor in 46.99 ms, found 2 plugins.
Preloading 0 native plugins for Editor in 0.00 ms.
Mono: successfully reloaded assembly
- Completed reload, in  1.735 seconds
Platform modules already initialized, skipping
========================================================================
Worker process is ready to serve import requests
Shader 'Universal Render Pipeline/Particles/Lit': fallback shader 'Universal Render Pipeline/Particles/SimpleLit' not found
Launched and connected shader compiler UnityShaderCompiler.exe after 0.05 seconds
Refreshing native plugins compatible for Editor in 0.51 ms, found 2 plugins.
Preloading 0 native plugins for Editor in 0.00 ms.
Unloading 2852 Unused Serialized files (Serialized files now loaded: 0)
System memory in use before: 139.1 MB.
System memory in use after: 139.3 MB.

Unloading 22 unused Assets to reduce memory usage. Loaded Objects now: 3300.
Total: 2.111400 ms (FindLiveObjects: 0.247400 ms CreateObjectMapping: 0.130200 ms MarkObjects: 1.665600 ms  DeleteObjects: 0.067600 ms)

========================================================================
Received Import Request.
  path: Assets/Resources/BillingMode.json
  artifactKey: Guid(1e5780c4ce105e64c824fddb0ec3e02d) Importer(815301076,1909f56bfc062723c751e8b465ee728b)
Start importing Assets/Resources/BillingMode.json using Guid(1e5780c4ce105e64c824fddb0ec3e02d) Importer(815301076,1909f56bfc062723c751e8b465ee728b)  -> (artifact id: 'c1e8d565a8522c88230e0c21030d42e5') in 0.145350 seconds
  Import took 0.183780 seconds .

========================================================================
Received Import Request.
  Time since last request: 4.185213 seconds.
  path: Assets/TutorialInfo/Icons
  artifactKey: Guid(8a0c9218a650547d98138cd835033977) Importer(815301076,1909f56bfc062723c751e8b465ee728b)
Start importing Assets/TutorialInfo/Icons using Guid(8a0c9218a650547d98138cd835033977) Importer(815301076,1909f56bfc062723c751e8b465ee728b)  -> (artifact id: '53afd12a551b424d2ed5c1446215d806') in 0.007432 seconds
  Import took 0.012141 seconds .

========================================================================
Received Import Request.
  Time since last request: 5.321820 seconds.
  path: Assets/TutorialInfo/Scripts
  artifactKey: Guid(5a9bcd70e6a4b4b05badaa72e827d8e0) Importer(815301076,1909f56bfc062723c751e8b465ee728b)
Start importing Assets/TutorialInfo/Scripts using Guid(5a9bcd70e6a4b4b05badaa72e827d8e0) Importer(815301076,1909f56bfc062723c751e8b465ee728b)  -> (artifact id: '967265dec055b31217841d4cfb39ea17') in 0.007956 seconds
  Import took 0.012403 seconds .

========================================================================
Received Import Request.
  Time since last request: 1.007257 seconds.
  path: Assets/TutorialInfo/Scripts/Editor
  artifactKey: Guid(3ad9b87dffba344c89909c6d1b1c17e1) Importer(815301076,1909f56bfc062723c751e8b465ee728b)
Start importing Assets/TutorialInfo/Scripts/Editor using Guid(3ad9b87dffba344c89909c6d1b1c17e1) Importer(815301076,1909f56bfc062723c751e8b465ee728b)  -> (artifact id: '9bc76296bb4c488aa26cbb9ba31d067e') in 0.007385 seconds
  Import took 0.012410 seconds .

========================================================================
Received Import Request.
  Time since last request: 10.983757 seconds.
  path: Assets/Presets/Defaults
  artifactKey: Guid(71ea82b02df99c2439e0dc8e4e1ebc24) Importer(815301076,1909f56bfc062723c751e8b465ee728b)
Start importing Assets/Presets/Defaults using Guid(71ea82b02df99c2439e0dc8e4e1ebc24) Importer(815301076,1909f56bfc062723c751e8b465ee728b)  -> (artifact id: '553bd473480c8667dd3c8c6913c6cbd2') in 0.006793 seconds
  Import took 0.011293 seconds .

========================================================================
Received Import Request.
  Time since last request: 1562.528377 seconds.
  path: Assets/Mirror/Runtime/Transport/Telepathy
  artifactKey: Guid(552b3d8382916438d81fe7f39e18db72) Importer(815301076,1909f56bfc062723c751e8b465ee728b)
Start importing Assets/Mirror/Runtime/Transport/Telepathy using Guid(552b3d8382916438d81fe7f39e18db72) Importer(815301076,1909f56bfc062723c751e8b465ee728b)  -> (artifact id: 'cb78fb49027c99972c35fd7df2981347') in 0.009940 seconds
  Import took 0.014952 seconds .

========================================================================
Received Import Request.
  Time since last request: 10.809655 seconds.
  path: Assets/Mirror/Runtime/Transport/Telepathy/TelepathyTransport.cs
  artifactKey: Guid(c7424c1070fad4ba2a7a96b02fbeb4bb) Importer(815301076,1909f56bfc062723c751e8b465ee728b)
Start importing Assets/Mirror/Runtime/Transport/Telepathy/TelepathyTransport.cs using Guid(c7424c1070fad4ba2a7a96b02fbeb4bb) Importer(815301076,1909f56bfc062723c751e8b465ee728b)  -> (artifact id: '09428889eba9a7bac294fb94762332ac') in 0.010415 seconds
  Import took 0.102623 seconds .

========================================================================
Received Import Request.
  Time since last request: 1.399997 seconds.
  path: Assets/Mirror/Runtime/Transport/Telepathy/Telepathy
  artifactKey: Guid(a1233408bc4b145fb8f6f5a8e95790e0) Importer(815301076,1909f56bfc062723c751e8b465ee728b)
Start importing Assets/Mirror/Runtime/Transport/Telepathy/Telepathy using Guid(a1233408bc4b145fb8f6f5a8e95790e0) Importer(815301076,1909f56bfc062723c751e8b465ee728b)  -> (artifact id: 'f17c67efcb0ce96d5bf92fd6fda850bc') in 0.004603 seconds
  Import took 0.192375 seconds .

========================================================================
Received Import Request.
  Time since last request: 1.113829 seconds.
  path: Assets/Mirror/Runtime/Transport/Telepathy/Telepathy/Client.cs
  artifactKey: Guid(a5b95294cc4ec4b15aacba57531c7985) Importer(815301076,1909f56bfc062723c751e8b465ee728b)
Start importing Assets/Mirror/Runtime/Transport/Telepathy/Telepathy/Client.cs using Guid(a5b95294cc4ec4b15aacba57531c7985) Importer(815301076,1909f56bfc062723c751e8b465ee728b)  -> (artifact id: '4592c7befe94e3067714d153e63d9f1c') in 0.007148 seconds
  Import took 0.103010 seconds .

========================================================================
Received Import Request.
  Time since last request: 0.001433 seconds.
  path: Assets/Mirror/Runtime/Transport/Telepathy/Telepathy/Client.cs
  artifactKey: Guid(a5b95294cc4ec4b15aacba57531c7985) Importer(815301076,1909f56bfc062723c751e8b465ee728b)
Start importing Assets/Mirror/Runtime/Transport/Telepathy/Telepathy/Client.cs using Guid(a5b95294cc4ec4b15aacba57531c7985) Importer(815301076,1909f56bfc062723c751e8b465ee728b)  -> (artifact id: '4592c7befe94e3067714d153e63d9f1c') in 0.002396 seconds
  Import took 0.006434 seconds .

========================================================================
Received Import Request.
  Time since last request: 0.312572 seconds.
  path: Assets/Mirror/Runtime/Transport/Telepathy/Telepathy/Empty
  artifactKey: Guid(885e89897e3a03241827ab7a14fe5fa0) Importer(815301076,1909f56bfc062723c751e8b465ee728b)
Start importing Assets/Mirror/Runtime/Transport/Telepathy/Telepathy/Empty using Guid(885e89897e3a03241827ab7a14fe5fa0) Importer(815301076,1909f56bfc062723c751e8b465ee728b)  -> (artifact id: '0c5d021536770ff37e708cb3fc146455') in 0.008457 seconds
  Import took 0.134029 seconds .

========================================================================
Received Import Request.
  Time since last request: 2.189566 seconds.
  path: Assets/Mirror/Runtime/Transport/Telepathy/Telepathy/ConnectionState.cs
  artifactKey: Guid(af95e2b6f6343411aa8bdf871abd7b1b) Importer(815301076,1909f56bfc062723c751e8b465ee728b)
Start importing Assets/Mirror/Runtime/Transport/Telepathy/Telepathy/ConnectionState.cs using Guid(af95e2b6f6343411aa8bdf871abd7b1b) Importer(815301076,1909f56bfc062723c751e8b465ee728b)  -> (artifact id: '5be8b0d8d15109761c97f6925c1d1c53') in 0.006434 seconds
  Import took 0.094711 seconds .

========================================================================
Received Import Request.
  Time since last request: 0.553655 seconds.
  path: Assets/Mirror/Runtime/Transport/Telepathy/Telepathy/NetworkStreamExtensions.cs
  artifactKey: Guid(7a8076c43fa8d4d45831adae232d4d3c) Importer(815301076,1909f56bfc062723c751e8b465ee728b)
Start importing Assets/Mirror/Runtime/Transport/Telepathy/Telepathy/NetworkStreamExtensions.cs using Guid(7a8076c43fa8d4d45831adae232d4d3c) Importer(815301076,1909f56bfc062723c751e8b465ee728b)  -> (artifact id: '68ef5d239901f93bdd914f1c5a3b9dea') in 0.006621 seconds
  Import took 0.090232 seconds .

========================================================================
Received Import Request.
  Time since last request: 3.258467 seconds.
  path: Assets/Mirror/Runtime/Transport/FizzyFacepunch
  artifactKey: Guid(1a9c23245bb5e01439999c45225ea41c) Importer(815301076,1909f56bfc062723c751e8b465ee728b)
Start importing Assets/Mirror/Runtime/Transport/FizzyFacepunch using Guid(1a9c23245bb5e01439999c45225ea41c) Importer(815301076,1909f56bfc062723c751e8b465ee728b)  -> (artifact id: 'acd90add9414ab0784dcb18eb770e6b9') in 0.006849 seconds
  Import took 0.010822 seconds .

========================================================================
Received Import Request.
  Time since last request: 1.131088 seconds.
  path: Assets/Mirror/Runtime/Transport/FizzyFacepunch/FizzyConnectionManager.cs
  artifactKey: Guid(49df2426bc97d994a97be4896ce7faa3) Importer(815301076,1909f56bfc062723c751e8b465ee728b)
Start importing Assets/Mirror/Runtime/Transport/FizzyFacepunch/FizzyConnectionManager.cs using Guid(49df2426bc97d994a97be4896ce7faa3) Importer(815301076,1909f56bfc062723c751e8b465ee728b)  -> (artifact id: 'e699caa45fadcb92e03131a0cd160385') in 0.008141 seconds
  Import took 0.012336 seconds .

========================================================================
Received Import Request.
  Time since last request: 2.191263 seconds.
  path: Assets/Mirror/Runtime/Transport/FizzyFacepunch/LegacyClient.cs
  artifactKey: Guid(704a8e108b73ef349b6c37287d33fa1f) Importer(815301076,1909f56bfc062723c751e8b465ee728b)
Start importing Assets/Mirror/Runtime/Transport/FizzyFacepunch/LegacyClient.cs using Guid(704a8e108b73ef349b6c37287d33fa1f) Importer(815301076,1909f56bfc062723c751e8b465ee728b)  -> (artifact id: 'cf1017540224a10287be30efbef13f4a') in 0.005993 seconds
  Import took 0.028768 seconds .

========================================================================
Received Import Request.
  Time since last request: 0.523595 seconds.
  path: Assets/Mirror/Runtime/Transport/FizzyFacepunch/LegacyServer.cs
  artifactKey: Guid(fc6b2925150120940a9a18088f6cd3d6) Importer(815301076,1909f56bfc062723c751e8b465ee728b)
Start importing Assets/Mirror/Runtime/Transport/FizzyFacepunch/LegacyServer.cs using Guid(fc6b2925150120940a9a18088f6cd3d6) Importer(815301076,1909f56bfc062723c751e8b465ee728b)  -> (artifact id: 'c785c4514915cdc3f9f2d336e8fccab9') in 0.007791 seconds
  Import took 0.011774 seconds .

========================================================================
Received Import Request.
  Time since last request: 0.495845 seconds.
  path: Assets/Mirror/Runtime/Transport/FizzyFacepunch/NextCommon.cs
  artifactKey: Guid(af015fe812083a74db19f24b18d7330a) Importer(815301076,1909f56bfc062723c751e8b465ee728b)
Start importing Assets/Mirror/Runtime/Transport/FizzyFacepunch/NextCommon.cs using Guid(af015fe812083a74db19f24b18d7330a) Importer(815301076,1909f56bfc062723c751e8b465ee728b)  -> (artifact id: '4416f964183a104279cb5cb43e47ce62') in 0.006927 seconds
  Import took 0.073229 seconds .

========================================================================
Received Import Request.
  Time since last request: 0.495524 seconds.
  path: Assets/Mirror/Runtime/Transport/FizzyFacepunch/IClient.cs
  artifactKey: Guid(bc47fa52c9812de47b1c9e8f7cea5746) Importer(815301076,1909f56bfc062723c751e8b465ee728b)
Start importing Assets/Mirror/Runtime/Transport/FizzyFacepunch/IClient.cs using Guid(bc47fa52c9812de47b1c9e8f7cea5746) Importer(815301076,1909f56bfc062723c751e8b465ee728b)  -> (artifact id: '0e0bb8ade6a50ee365ffe2f646ea86b2') in 0.007351 seconds
  Import took 0.943602 seconds .

========================================================================
Received Import Request.
  Time since last request: 0.000312 seconds.
  path: Assets/Mirror/Runtime/Transport/FizzyFacepunch/LICENSE
  artifactKey: Guid(b36bcd31cf071ab44b348c34c1073074) Importer(815301076,1909f56bfc062723c751e8b465ee728b)
Start importing Assets/Mirror/Runtime/Transport/FizzyFacepunch/LICENSE using Guid(b36bcd31cf071ab44b348c34c1073074) Importer(815301076,1909f56bfc062723c751e8b465ee728b)  -> (artifact id: '35c9030332a4d75eb94f4bbf1ac7686e') in 0.007218 seconds
  Import took 0.078290 seconds .

========================================================================
Received Import Request.
  Time since last request: 0.489315 seconds.
  path: Assets/Mirror/Runtime/Transport/FizzyFacepunch/IServer.cs
  artifactKey: Guid(686d3ed05ca4a5a408c5d08dc80a5744) Importer(815301076,1909f56bfc062723c751e8b465ee728b)
Start importing Assets/Mirror/Runtime/Transport/FizzyFacepunch/IServer.cs using Guid(686d3ed05ca4a5a408c5d08dc80a5744) Importer(815301076,1909f56bfc062723c751e8b465ee728b)  -> (artifact id: 'f87497511e8d2dac72dcb323c3a9f4b2') in 0.006318 seconds
  Import took 0.594615 seconds .

========================================================================
Received Import Request.
  Time since last request: 0.145534 seconds.
  path: Assets/Mirror/Runtime/Transport/FizzyFacepunch/BidirectionalDictionary.cs
  artifactKey: Guid(114254da72674b641ae56362a3ffc982) Importer(815301076,1909f56bfc062723c751e8b465ee728b)
Start importing Assets/Mirror/Runtime/Transport/FizzyFacepunch/BidirectionalDictionary.cs using Guid(114254da72674b641ae56362a3ffc982) Importer(815301076,1909f56bfc062723c751e8b465ee728b)  -> (artifact id: 'fe92a92ba27b2c68436f997d620a2ebc') in 0.006232 seconds
  Import took 0.010269 seconds .

========================================================================
Received Import Request.
  Time since last request: 0.000641 seconds.
  path: Assets/Mirror/Runtime/Transport/FizzyFacepunch/BidirectionalDictionary.cs
  artifactKey: Guid(114254da72674b641ae56362a3ffc982) Importer(815301076,1909f56bfc062723c751e8b465ee728b)
Start importing Assets/Mirror/Runtime/Transport/FizzyFacepunch/BidirectionalDictionary.cs using Guid(114254da72674b641ae56362a3ffc982) Importer(815301076,1909f56bfc062723c751e8b465ee728b)  -> (artifact id: 'fe92a92ba27b2c68436f997d620a2ebc') in 0.002522 seconds
  Import took 0.006826 seconds .

========================================================================
Received Prepare
Registering precompiled user dll's ...
Registered in 0.004399 seconds.
Begin MonoManager ReloadAssembly
Native extension for WindowsStandalone target not found
Refreshing native plugins compatible for Editor in 0.47 ms, found 1 plugins.
Preloading 0 native plugins for Editor in 0.00 ms.
Mono: successfully reloaded assembly
- Completed reload, in  0.903 seconds
Platform modules already initialized, skipping
Shader 'Universal Render Pipeline/Particles/Lit': fallback shader 'Universal Render Pipeline/Particles/SimpleLit' not found
Refreshing native plugins compatible for Editor in 0.47 ms, found 1 plugins.
Preloading 0 native plugins for Editor in 0.00 ms.
Unloading 2581 Unused Serialized files (Serialized files now loaded: 0)
System memory in use before: 129.2 MB.
System memory in use after: 129.5 MB.

Unloading 181 unused Assets to reduce memory usage. Loaded Objects now: 3140.
Total: 2.558600 ms (FindLiveObjects: 0.371500 ms CreateObjectMapping: 0.165800 ms MarkObjects: 1.950100 ms  DeleteObjects: 0.069800 ms)

========================================================================
Received Prepare
Registering precompiled user dll's ...
Registered in 0.004346 seconds.
Begin MonoManager ReloadAssembly
Native extension for WindowsStandalone target not found
Refreshing native plugins compatible for Editor in 0.52 ms, found 1 plugins.
Preloading 0 native plugins for Editor in 0.00 ms.
Mono: successfully reloaded assembly
- Completed reload, in  0.897 seconds
Platform modules already initialized, skipping
Shader 'Universal Render Pipeline/Particles/Lit': fallback shader 'Universal Render Pipeline/Particles/SimpleLit' not found
Refreshing native plugins compatible for Editor in 0.48 ms, found 1 plugins.
Preloading 0 native plugins for Editor in 0.00 ms.
Unloading 2581 Unused Serialized files (Serialized files now loaded: 0)
System memory in use before: 128.0 MB.
System memory in use after: 128.3 MB.

Unloading 18 unused Assets to reduce memory usage. Loaded Objects now: 3143.
Total: 2.730400 ms (FindLiveObjects: 0.314600 ms CreateObjectMapping: 0.144400 ms MarkObjects: 2.239000 ms  DeleteObjects: 0.031300 ms)

========================================================================
Received Import Request.
  Time since last request: 1069.300975 seconds.
  path: Assets/Mirror/Runtime/Transport/FizzyFacepunch/README.md
  artifactKey: Guid(c4b0f6469098825488f81c31c32c30e9) Importer(815301076,1909f56bfc062723c751e8b465ee728b)
Start importing Assets/Mirror/Runtime/Transport/FizzyFacepunch/README.md using Guid(c4b0f6469098825488f81c31c32c30e9) Importer(815301076,1909f56bfc062723c751e8b465ee728b)  -> (artifact id: 'd213719eacc828f3ebcd9f46892c0c25') in 0.022257 seconds
  Import took 0.109485 seconds .

========================================================================
Received Import Request.
  Time since last request: 82.085171 seconds.
  path: Assets/Mirror/Runtime/Transport/FizzyFacepunch/version.txt
  artifactKey: Guid(8aec515c09f9d0b4a98d5f9fef35243f) Importer(815301076,1909f56bfc062723c751e8b465ee728b)
Start importing Assets/Mirror/Runtime/Transport/FizzyFacepunch/version.txt using Guid(8aec515c09f9d0b4a98d5f9fef35243f) Importer(815301076,1909f56bfc062723c751e8b465ee728b)  -> (artifact id: '69d88cf0628c13b92df58a3864244e9e') in 0.012608 seconds
  Import took 0.017313 seconds .

========================================================================
Received Import Request.
  Time since last request: 199.516659 seconds.
  path: Assets/TutorialInfo/Scripts/Readme.cs
  artifactKey: Guid(fcf7219bab7fe46a1ad266029b2fee19) Importer(815301076,1909f56bfc062723c751e8b465ee728b)
Start importing Assets/TutorialInfo/Scripts/Readme.cs using Guid(fcf7219bab7fe46a1ad266029b2fee19) Importer(815301076,1909f56bfc062723c751e8b465ee728b)  -> (artifact id: '3b489a85f48c7f3b410ae390a8f3ac1d') in 0.008382 seconds
  Import took 0.012118 seconds .

========================================================================
Received Import Request.
  Time since last request: 0.000768 seconds.
  path: Assets/TutorialInfo/Scripts/Readme.cs
  artifactKey: Guid(fcf7219bab7fe46a1ad266029b2fee19) Importer(815301076,1909f56bfc062723c751e8b465ee728b)
Start importing Assets/TutorialInfo/Scripts/Readme.cs using Guid(fcf7219bab7fe46a1ad266029b2fee19) Importer(815301076,1909f56bfc062723c751e8b465ee728b)  -> (artifact id: '3b489a85f48c7f3b410ae390a8f3ac1d') in 0.002246 seconds
  Import took 0.005894 seconds .

========================================================================
Received Import Request.
  Time since last request: 5.048874 seconds.
  path: Assets/TutorialInfo/Scripts/Editor/ReadmeEditor.cs
  artifactKey: Guid(476cc7d7cd9874016adc216baab94a0a) Importer(815301076,1909f56bfc062723c751e8b465ee728b)
Start importing Assets/TutorialInfo/Scripts/Editor/ReadmeEditor.cs using Guid(476cc7d7cd9874016adc216baab94a0a) Importer(815301076,1909f56bfc062723c751e8b465ee728b)  -> (artifact id: '3707938214b62aaf6969217b11099a99') in 0.006026 seconds
  Import took 0.010167 seconds .

========================================================================
Received Import Request.
  Time since last request: 0.000831 seconds.
  path: Assets/TutorialInfo/Scripts/Editor/ReadmeEditor.cs
  artifactKey: Guid(476cc7d7cd9874016adc216baab94a0a) Importer(815301076,1909f56bfc062723c751e8b465ee728b)
Start importing Assets/TutorialInfo/Scripts/Editor/ReadmeEditor.cs using Guid(476cc7d7cd9874016adc216baab94a0a) Importer(815301076,1909f56bfc062723c751e8b465ee728b)  -> (artifact id: '3707938214b62aaf6969217b11099a99') in 0.003077 seconds
  Import took 0.007004 seconds .

