Using pre-set license
Built from '2020.3/release' branch; Version is '2020.3.7f1 (dd97f2c94397) revision 14522354'; Using compiler version '192528614'; Build Type 'Release'
OS: 'Windows 10 Home; OS build 19043.1415; Version 2009; 64bit' Language: 'en' Physical Memory: 16257 MB
BatchMode: 1, IsHumanControllingUs: 0, StartBugReporterOnCrash: 0, Is64bit: 1, IsPro: 0

 COMMAND LINE ARGUMENTS:
C:\Program Files\Unity\Hub\Editor\2020.3.7f1\Editor\Unity.exe
-adb2
-batchMode
-noUpm
-name
AssetImportWorker0
-projectPath
D:/nickt/Documents/Unity Projects/NeonHeights2021-Git/NeonHeightsPhysics
-logFile
Logs/AssetImportWorker0.log
-srvPort
56411
Successfully changed project path to: D:/nickt/Documents/Unity Projects/NeonHeights2021-Git/NeonHeightsPhysics
D:/nickt/Documents/Unity Projects/NeonHeights2021-Git/NeonHeightsPhysics
Using Asset Import Pipeline V2.
Refreshing native plugins compatible for Editor in 46.28 ms, found 0 plugins.
Preloading 0 native plugins for Editor in 0.00 ms.
Initialize engine version: 2020.3.7f1 (dd97f2c94397)
[Subsystems] Discovering subsystems at path C:/Program Files/Unity/Hub/Editor/2020.3.7f1/Editor/Data/Resources/UnitySubsystems
[Subsystems] Discovering subsystems at path D:/nickt/Documents/Unity Projects/NeonHeights2021-Git/NeonHeightsPhysics/Assets
GfxDevice: creating device client; threaded=0
Direct3D:
    Version:  Direct3D 11.0 [level 11.1]
    Renderer: NVIDIA GeForce GTX 1060 (ID=0x1c20)
    Vendor:   
    VRAM:     6052 MB
    Driver:   30.0.14.7196
Shader 'Universal Render Pipeline/Particles/Lit': fallback shader 'Universal Render Pipeline/Particles/SimpleLit' not found
Initialize mono
Mono path[0] = 'C:/Program Files/Unity/Hub/Editor/2020.3.7f1/Editor/Data/Managed'
Mono path[1] = 'C:/Program Files/Unity/Hub/Editor/2020.3.7f1/Editor/Data/MonoBleedingEdge/lib/mono/unityjit'
Mono config path = 'C:/Program Files/Unity/Hub/Editor/2020.3.7f1/Editor/Data/MonoBleedingEdge/etc'
Using monoOptions --debugger-agent=transport=dt_socket,embedding=1,server=y,suspend=n,address=127.0.0.1:56832
Begin MonoManager ReloadAssembly
Registering precompiled unity dll's ...
Register platform support module: C:/Program Files/Unity/Hub/Editor/2020.3.7f1/Editor/Data/PlaybackEngines/WindowsStandaloneSupport/UnityEditor.WindowsStandalone.Extensions.dll
Registered in 0.002321 seconds.
Native extension for WindowsStandalone target not found
Refreshing native plugins compatible for Editor in 56.08 ms, found 0 plugins.
Preloading 0 native plugins for Editor in 0.00 ms.
Mono: successfully reloaded assembly
- Completed reload, in  1.091 seconds
Platform modules already initialized, skipping
Registering precompiled user dll's ...
Registered in 0.001305 seconds.
Begin MonoManager ReloadAssembly
Native extension for WindowsStandalone target not found
Refreshing native plugins compatible for Editor in 47.48 ms, found 0 plugins.
Preloading 0 native plugins for Editor in 0.00 ms.
Mono: successfully reloaded assembly
- Completed reload, in  0.962 seconds
Platform modules already initialized, skipping
========================================================================
Worker process is ready to serve import requests
Shader 'Universal Render Pipeline/Particles/Lit': fallback shader 'Universal Render Pipeline/Particles/SimpleLit' not found
Launched and connected shader compiler UnityShaderCompiler.exe after 0.05 seconds
Refreshing native plugins compatible for Editor in 0.43 ms, found 0 plugins.
Preloading 0 native plugins for Editor in 0.00 ms.
Unloading 2813 Unused Serialized files (Serialized files now loaded: 0)
System memory in use before: 137.1 MB.
System memory in use after: 137.3 MB.

Unloading 10 unused Assets to reduce memory usage. Loaded Objects now: 3273.
Total: 2.234000 ms (FindLiveObjects: 0.250300 ms CreateObjectMapping: 0.125400 ms MarkObjects: 1.790300 ms  DeleteObjects: 0.067000 ms)

========================================================================
Received Import Request.
  path: Assets/_Heathen Engineering
  artifactKey: Guid(5436cecb50a10554d91642150f351a26) Importer(815301076,1909f56bfc062723c751e8b465ee728b)
Start importing Assets/_Heathen Engineering using Guid(5436cecb50a10554d91642150f351a26) Importer(815301076,1909f56bfc062723c751e8b465ee728b)  -> (artifact id: '329b112a4da83b433a293b7d343c6961') in 0.009609 seconds
  Import took 0.014027 seconds .

========================================================================
Received Import Request.
  Time since last request: 2.239345 seconds.
  path: Assets/_Heathen Engineering/Assets/Steamworks/Scripts/HeathenEngineering.Steamworks.asmdef
  artifactKey: Guid(3e1f55b641cbc824881f0d12f6a5c69a) Importer(815301076,1909f56bfc062723c751e8b465ee728b)
Start importing Assets/_Heathen Engineering/Assets/Steamworks/Scripts/HeathenEngineering.Steamworks.asmdef using Guid(3e1f55b641cbc824881f0d12f6a5c69a) Importer(815301076,1909f56bfc062723c751e8b465ee728b)  -> (artifact id: '89ba30d76de771cccb6470b4971ade2e') in 0.031355 seconds
  Import took 0.035835 seconds .

========================================================================
Received Import Request.
  Time since last request: 36.499304 seconds.
  path: Assets/_Heathen Engineering/Assets/Steamworks
  artifactKey: Guid(e08ffa7c8cdd4b249b0ae1ee54180d90) Importer(815301076,1909f56bfc062723c751e8b465ee728b)
Start importing Assets/_Heathen Engineering/Assets/Steamworks using Guid(e08ffa7c8cdd4b249b0ae1ee54180d90) Importer(815301076,1909f56bfc062723c751e8b465ee728b)  -> (artifact id: '21a170fe2241943620e7ec0207ee8220') in 0.008109 seconds
  Import took 0.012136 seconds .

========================================================================
Received Prepare
Registering precompiled user dll's ...
Registered in 0.001619 seconds.
Begin MonoManager ReloadAssembly
Native extension for WindowsStandalone target not found
Refreshing native plugins compatible for Editor in 0.63 ms, found 1 plugins.
Preloading 0 native plugins for Editor in 0.00 ms.
Mono: successfully reloaded assembly
- Completed reload, in  0.993 seconds
Platform modules already initialized, skipping
Shader 'Universal Render Pipeline/Particles/Lit': fallback shader 'Universal Render Pipeline/Particles/SimpleLit' not found
Refreshing native plugins compatible for Editor in 0.47 ms, found 1 plugins.
Preloading 0 native plugins for Editor in 0.00 ms.
Unloading 2815 Unused Serialized files (Serialized files now loaded: 0)
System memory in use before: 134.2 MB.
System memory in use after: 134.4 MB.

Unloading 9 unused Assets to reduce memory usage. Loaded Objects now: 3383.
Total: 2.859200 ms (FindLiveObjects: 0.373500 ms CreateObjectMapping: 0.163800 ms MarkObjects: 2.282900 ms  DeleteObjects: 0.037200 ms)

========================================================================
Received Import Request.
  Time since last request: 428.279015 seconds.
  path: Assets/_Heathen Engineering/Assets/Steamworks/Scripts/Foundation/API.Utilities.cs
  artifactKey: Guid(e91275ce53452de49af34d8df81f237a) Importer(815301076,1909f56bfc062723c751e8b465ee728b)
Start importing Assets/_Heathen Engineering/Assets/Steamworks/Scripts/Foundation/API.Utilities.cs using Guid(e91275ce53452de49af34d8df81f237a) Importer(815301076,1909f56bfc062723c751e8b465ee728b)  -> (artifact id: 'b7d08a3159cbe3fa041eeb26f2eb5086') in 0.014301 seconds
  Import took 0.019432 seconds .

========================================================================
Received Prepare
Registering precompiled user dll's ...
Registered in 0.001626 seconds.
Begin MonoManager ReloadAssembly
Native extension for WindowsStandalone target not found
Refreshing native plugins compatible for Editor in 0.47 ms, found 1 plugins.
Preloading 0 native plugins for Editor in 0.00 ms.
Mono: successfully reloaded assembly
- Completed reload, in  0.871 seconds
Platform modules already initialized, skipping
Shader 'Universal Render Pipeline/Particles/Lit': fallback shader 'Universal Render Pipeline/Particles/SimpleLit' not found
Refreshing native plugins compatible for Editor in 0.45 ms, found 1 plugins.
Preloading 0 native plugins for Editor in 0.00 ms.
Unloading 2815 Unused Serialized files (Serialized files now loaded: 0)
System memory in use before: 134.2 MB.
System memory in use after: 134.4 MB.

Unloading 9 unused Assets to reduce memory usage. Loaded Objects now: 3386.
Total: 2.124400 ms (FindLiveObjects: 0.291400 ms CreateObjectMapping: 0.115600 ms MarkObjects: 1.703300 ms  DeleteObjects: 0.013300 ms)

========================================================================
Received Prepare
Registering precompiled user dll's ...
Registered in 0.003210 seconds.
Begin MonoManager ReloadAssembly
Native extension for WindowsStandalone target not found
Refreshing native plugins compatible for Editor in 0.52 ms, found 1 plugins.
Preloading 0 native plugins for Editor in 0.00 ms.
[ScriptCompilation] NOT recompiling all scripts because this is an import worker process. Reason to compile was: Define symbols changed
Mono: successfully reloaded assembly
- Completed reload, in  0.973 seconds
Platform modules already initialized, skipping
Shader 'Universal Render Pipeline/Particles/Lit': fallback shader 'Universal Render Pipeline/Particles/SimpleLit' not found
Refreshing native plugins compatible for Editor in 0.51 ms, found 1 plugins.
Preloading 0 native plugins for Editor in 0.00 ms.
Unloading 3104 Unused Serialized files (Serialized files now loaded: 0)
System memory in use before: 142.1 MB.
System memory in use after: 142.4 MB.

Unloading 14 unused Assets to reduce memory usage. Loaded Objects now: 3673.
Total: 3.746400 ms (FindLiveObjects: 0.519600 ms CreateObjectMapping: 0.257100 ms MarkObjects: 2.950400 ms  DeleteObjects: 0.018100 ms)

========================================================================
Received Prepare
Registering precompiled user dll's ...
Registered in 0.003140 seconds.
Begin MonoManager ReloadAssembly
Native extension for WindowsStandalone target not found
Refreshing native plugins compatible for Editor in 0.51 ms, found 1 plugins.
Preloading 0 native plugins for Editor in 0.00 ms.
[ScriptCompilation] NOT recompiling all scripts because this is an import worker process. Reason to compile was: Define symbols changed
Mono: successfully reloaded assembly
- Completed reload, in  0.914 seconds
Platform modules already initialized, skipping
Shader 'Universal Render Pipeline/Particles/Lit': fallback shader 'Universal Render Pipeline/Particles/SimpleLit' not found
Refreshing native plugins compatible for Editor in 0.55 ms, found 1 plugins.
Preloading 0 native plugins for Editor in 0.00 ms.
Unloading 3114 Unused Serialized files (Serialized files now loaded: 0)
System memory in use before: 142.3 MB.
System memory in use after: 142.6 MB.

Unloading 14 unused Assets to reduce memory usage. Loaded Objects now: 3686.
Total: 2.609400 ms (FindLiveObjects: 0.353500 ms CreateObjectMapping: 0.159600 ms MarkObjects: 2.079400 ms  DeleteObjects: 0.015700 ms)

========================================================================
Received Prepare
Registering precompiled user dll's ...
Registered in 0.003247 seconds.
Begin MonoManager ReloadAssembly
Native extension for WindowsStandalone target not found
Refreshing native plugins compatible for Editor in 0.51 ms, found 1 plugins.
Preloading 0 native plugins for Editor in 0.00 ms.
Mono: successfully reloaded assembly
- Completed reload, in  0.911 seconds
Platform modules already initialized, skipping
Shader 'Universal Render Pipeline/Particles/Lit': fallback shader 'Universal Render Pipeline/Particles/SimpleLit' not found
Refreshing native plugins compatible for Editor in 0.56 ms, found 1 plugins.
Preloading 0 native plugins for Editor in 0.00 ms.
Unloading 3114 Unused Serialized files (Serialized files now loaded: 0)
System memory in use before: 142.3 MB.
System memory in use after: 142.6 MB.

Unloading 14 unused Assets to reduce memory usage. Loaded Objects now: 3689.
Total: 3.182300 ms (FindLiveObjects: 0.433200 ms CreateObjectMapping: 0.247400 ms MarkObjects: 2.471800 ms  DeleteObjects: 0.028200 ms)

========================================================================
Received Import Request.
  Time since last request: 575.335843 seconds.
  path: Assets/Prefabs/Character Controller.prefab
  artifactKey: Guid(4558b1cac8171414cb3300f8253d850a) Importer(815301076,1909f56bfc062723c751e8b465ee728b)
Start importing Assets/Prefabs/Character Controller.prefab using Guid(4558b1cac8171414cb3300f8253d850a) Importer(815301076,1909f56bfc062723c751e8b465ee728b)  -> (artifact id: '73a5a6d5f6decad53e0200e57e76a1b9') in 0.255968 seconds
  Import took 0.262098 seconds .

========================================================================
Received Prepare
Registering precompiled user dll's ...
Registered in 0.004252 seconds.
Begin MonoManager ReloadAssembly
Native extension for WindowsStandalone target not found
Refreshing native plugins compatible for Editor in 0.83 ms, found 1 plugins.
Preloading 0 native plugins for Editor in 0.00 ms.
Mono: successfully reloaded assembly
- Completed reload, in  1.191 seconds
Platform modules already initialized, skipping
Shader 'Universal Render Pipeline/Particles/Lit': fallback shader 'Universal Render Pipeline/Particles/SimpleLit' not found
Refreshing native plugins compatible for Editor in 0.60 ms, found 1 plugins.
Preloading 0 native plugins for Editor in 0.00 ms.
Unloading 3114 Unused Serialized files (Serialized files now loaded: 0)
System memory in use before: 147.5 MB.
System memory in use after: 147.8 MB.

Unloading 14 unused Assets to reduce memory usage. Loaded Objects now: 3737.
Total: 3.044200 ms (FindLiveObjects: 0.438700 ms CreateObjectMapping: 0.163500 ms MarkObjects: 2.423400 ms  DeleteObjects: 0.017300 ms)

========================================================================
Received Prepare
Registering precompiled user dll's ...
Registered in 0.003315 seconds.
Begin MonoManager ReloadAssembly
Native extension for WindowsStandalone target not found
Refreshing native plugins compatible for Editor in 0.64 ms, found 1 plugins.
Preloading 0 native plugins for Editor in 0.00 ms.
Mono: successfully reloaded assembly
- Completed reload, in  0.981 seconds
Platform modules already initialized, skipping
Shader 'Universal Render Pipeline/Particles/Lit': fallback shader 'Universal Render Pipeline/Particles/SimpleLit' not found
Refreshing native plugins compatible for Editor in 0.51 ms, found 1 plugins.
Preloading 0 native plugins for Editor in 0.00 ms.
Unloading 3115 Unused Serialized files (Serialized files now loaded: 0)
System memory in use before: 147.6 MB.
System memory in use after: 147.8 MB.

Unloading 14 unused Assets to reduce memory usage. Loaded Objects now: 3741.
Total: 3.536300 ms (FindLiveObjects: 0.339400 ms CreateObjectMapping: 0.175100 ms MarkObjects: 3.000300 ms  DeleteObjects: 0.020200 ms)

========================================================================
Received Import Request.
  Time since last request: 123.068545 seconds.
  path: Assets/Scripts/ConsoleToGUI.cs
  artifactKey: Guid(89172b64f22895f4ba5a311e08974dfe) Importer(815301076,1909f56bfc062723c751e8b465ee728b)
Start importing Assets/Scripts/ConsoleToGUI.cs using Guid(89172b64f22895f4ba5a311e08974dfe) Importer(815301076,1909f56bfc062723c751e8b465ee728b)  -> (artifact id: '7b95b5270cb5a50813fc61217488305d') in 0.010330 seconds
  Import took 0.017306 seconds .

========================================================================
Received Prepare
Registering precompiled user dll's ...
Registered in 0.003132 seconds.
Begin MonoManager ReloadAssembly
Native extension for WindowsStandalone target not found
Refreshing native plugins compatible for Editor in 0.54 ms, found 1 plugins.
Preloading 0 native plugins for Editor in 0.00 ms.
Mono: successfully reloaded assembly
- Completed reload, in  0.933 seconds
Platform modules already initialized, skipping
Shader 'Universal Render Pipeline/Particles/Lit': fallback shader 'Universal Render Pipeline/Particles/SimpleLit' not found
Refreshing native plugins compatible for Editor in 0.51 ms, found 1 plugins.
Preloading 0 native plugins for Editor in 0.00 ms.
Unloading 3115 Unused Serialized files (Serialized files now loaded: 0)
System memory in use before: 147.6 MB.
System memory in use after: 147.8 MB.

Unloading 14 unused Assets to reduce memory usage. Loaded Objects now: 3744.
Total: 3.645700 ms (FindLiveObjects: 0.330100 ms CreateObjectMapping: 0.171700 ms MarkObjects: 3.125600 ms  DeleteObjects: 0.017100 ms)

========================================================================
Received Import Request.
  Time since last request: 52.673378 seconds.
  path: Assets/Scripts/ConsoleToGUI.cs
  artifactKey: Guid(89172b64f22895f4ba5a311e08974dfe) Importer(815301076,1909f56bfc062723c751e8b465ee728b)
Start importing Assets/Scripts/ConsoleToGUI.cs using Guid(89172b64f22895f4ba5a311e08974dfe) Importer(815301076,1909f56bfc062723c751e8b465ee728b)  -> (artifact id: 'd0a36937cc1429d86878d82ab1aa2d7a') in 0.005497 seconds
  Import took 0.010086 seconds .

========================================================================
Received Prepare
Registering precompiled user dll's ...
Registered in 0.003300 seconds.
Begin MonoManager ReloadAssembly
Native extension for WindowsStandalone target not found
Refreshing native plugins compatible for Editor in 0.51 ms, found 1 plugins.
Preloading 0 native plugins for Editor in 0.00 ms.
Mono: successfully reloaded assembly
- Completed reload, in  0.929 seconds
Platform modules already initialized, skipping
Shader 'Universal Render Pipeline/Particles/Lit': fallback shader 'Universal Render Pipeline/Particles/SimpleLit' not found
Refreshing native plugins compatible for Editor in 0.53 ms, found 1 plugins.
Preloading 0 native plugins for Editor in 0.00 ms.
Unloading 3115 Unused Serialized files (Serialized files now loaded: 0)
System memory in use before: 147.6 MB.
System memory in use after: 147.8 MB.

Unloading 14 unused Assets to reduce memory usage. Loaded Objects now: 3747.
Total: 3.298800 ms (FindLiveObjects: 0.335400 ms CreateObjectMapping: 0.174600 ms MarkObjects: 2.764400 ms  DeleteObjects: 0.023300 ms)

========================================================================
Received Import Request.
  Time since last request: 81.255535 seconds.
  path: Assets/Scripts/ConsoleToGUI.cs
  artifactKey: Guid(89172b64f22895f4ba5a311e08974dfe) Importer(815301076,1909f56bfc062723c751e8b465ee728b)
Start importing Assets/Scripts/ConsoleToGUI.cs using Guid(89172b64f22895f4ba5a311e08974dfe) Importer(815301076,1909f56bfc062723c751e8b465ee728b)  -> (artifact id: 'f6b266f6d4750cab8248eff7bc9e864b') in 0.005361 seconds
  Import took 0.011026 seconds .

========================================================================
Received Import Request.
  Time since last request: 2.248055 seconds.
  path: Assets/Scripts/ConsoleToGUI.cs
  artifactKey: Guid(89172b64f22895f4ba5a311e08974dfe) Importer(815301076,1909f56bfc062723c751e8b465ee728b)
Start importing Assets/Scripts/ConsoleToGUI.cs using Guid(89172b64f22895f4ba5a311e08974dfe) Importer(815301076,1909f56bfc062723c751e8b465ee728b)  -> (artifact id: 'f6b266f6d4750cab8248eff7bc9e864b') in 0.002879 seconds
  Import took 0.007465 seconds .

========================================================================
Received Prepare
Registering precompiled user dll's ...
Registered in 0.003226 seconds.
Begin MonoManager ReloadAssembly
Native extension for WindowsStandalone target not found
Refreshing native plugins compatible for Editor in 0.52 ms, found 1 plugins.
Preloading 0 native plugins for Editor in 0.00 ms.
Mono: successfully reloaded assembly
- Completed reload, in  0.918 seconds
Platform modules already initialized, skipping
Shader 'Universal Render Pipeline/Particles/Lit': fallback shader 'Universal Render Pipeline/Particles/SimpleLit' not found
Refreshing native plugins compatible for Editor in 0.55 ms, found 1 plugins.
Preloading 0 native plugins for Editor in 0.00 ms.
Unloading 3115 Unused Serialized files (Serialized files now loaded: 0)
System memory in use before: 147.6 MB.
System memory in use after: 147.8 MB.

Unloading 14 unused Assets to reduce memory usage. Loaded Objects now: 3750.
Total: 2.898100 ms (FindLiveObjects: 0.465700 ms CreateObjectMapping: 0.222800 ms MarkObjects: 2.189700 ms  DeleteObjects: 0.018800 ms)

========================================================================
Received Import Request.
  Time since last request: 40.532998 seconds.
  path: Assets/Scripts/ConsoleToGUI.cs
  artifactKey: Guid(89172b64f22895f4ba5a311e08974dfe) Importer(815301076,1909f56bfc062723c751e8b465ee728b)
Start importing Assets/Scripts/ConsoleToGUI.cs using Guid(89172b64f22895f4ba5a311e08974dfe) Importer(815301076,1909f56bfc062723c751e8b465ee728b)  -> (artifact id: '5f120675a5fd60414ed64479c4026a4c') in 0.005501 seconds
  Import took 0.010345 seconds .

========================================================================
Received Import Request.
  Time since last request: 0.007327 seconds.
  path: Assets/Scripts/ConsoleToGUI.cs
  artifactKey: Guid(89172b64f22895f4ba5a311e08974dfe) Importer(815301076,1909f56bfc062723c751e8b465ee728b)
Start importing Assets/Scripts/ConsoleToGUI.cs using Guid(89172b64f22895f4ba5a311e08974dfe) Importer(815301076,1909f56bfc062723c751e8b465ee728b)  -> (artifact id: '5f120675a5fd60414ed64479c4026a4c') in 0.001647 seconds
  Import took 0.006443 seconds .

========================================================================
Received Prepare
Registering precompiled user dll's ...
Registered in 0.003148 seconds.
Begin MonoManager ReloadAssembly
Native extension for WindowsStandalone target not found
Refreshing native plugins compatible for Editor in 0.51 ms, found 1 plugins.
Preloading 0 native plugins for Editor in 0.00 ms.
Mono: successfully reloaded assembly
- Completed reload, in  0.946 seconds
Platform modules already initialized, skipping
Shader 'Universal Render Pipeline/Particles/Lit': fallback shader 'Universal Render Pipeline/Particles/SimpleLit' not found
Refreshing native plugins compatible for Editor in 0.53 ms, found 1 plugins.
Preloading 0 native plugins for Editor in 0.00 ms.
Unloading 3115 Unused Serialized files (Serialized files now loaded: 0)
System memory in use before: 147.6 MB.
System memory in use after: 147.8 MB.

Unloading 14 unused Assets to reduce memory usage. Loaded Objects now: 3753.
Total: 2.817200 ms (FindLiveObjects: 0.453500 ms CreateObjectMapping: 0.191200 ms MarkObjects: 2.151800 ms  DeleteObjects: 0.019400 ms)

========================================================================
Received Import Request.
  Time since last request: 27.447776 seconds.
  path: Assets/Scripts/ConsoleToGUI.cs
  artifactKey: Guid(89172b64f22895f4ba5a311e08974dfe) Importer(815301076,1909f56bfc062723c751e8b465ee728b)
Start importing Assets/Scripts/ConsoleToGUI.cs using Guid(89172b64f22895f4ba5a311e08974dfe) Importer(815301076,1909f56bfc062723c751e8b465ee728b)  -> (artifact id: 'c2a919d30db527936e55bf0e226bcb9e') in 0.005281 seconds
  Import took 0.010294 seconds .

========================================================================
Received Import Request.
  Time since last request: 2.084775 seconds.
  path: Assets/Scripts/ConsoleToGUI.cs
  artifactKey: Guid(89172b64f22895f4ba5a311e08974dfe) Importer(815301076,1909f56bfc062723c751e8b465ee728b)
Start importing Assets/Scripts/ConsoleToGUI.cs using Guid(89172b64f22895f4ba5a311e08974dfe) Importer(815301076,1909f56bfc062723c751e8b465ee728b)  -> (artifact id: 'c2a919d30db527936e55bf0e226bcb9e') in 0.001693 seconds
  Import took 0.006286 seconds .

========================================================================
Received Prepare
Registering precompiled user dll's ...
Registered in 0.003143 seconds.
Begin MonoManager ReloadAssembly
Native extension for WindowsStandalone target not found
Refreshing native plugins compatible for Editor in 0.59 ms, found 1 plugins.
Preloading 0 native plugins for Editor in 0.00 ms.
Mono: successfully reloaded assembly
- Completed reload, in  0.940 seconds
Platform modules already initialized, skipping
Shader 'Universal Render Pipeline/Particles/Lit': fallback shader 'Universal Render Pipeline/Particles/SimpleLit' not found
Refreshing native plugins compatible for Editor in 0.51 ms, found 1 plugins.
Preloading 0 native plugins for Editor in 0.00 ms.
Unloading 3115 Unused Serialized files (Serialized files now loaded: 0)
System memory in use before: 147.6 MB.
System memory in use after: 147.8 MB.

Unloading 14 unused Assets to reduce memory usage. Loaded Objects now: 3756.
Total: 2.790100 ms (FindLiveObjects: 0.420500 ms CreateObjectMapping: 0.202400 ms MarkObjects: 2.148600 ms  DeleteObjects: 0.017600 ms)

========================================================================
Received Prepare
Registering precompiled user dll's ...
Registered in 0.003874 seconds.
Begin MonoManager ReloadAssembly
Native extension for WindowsStandalone target not found
Refreshing native plugins compatible for Editor in 0.82 ms, found 1 plugins.
Preloading 0 native plugins for Editor in 0.00 ms.
Mono: successfully reloaded assembly
- Completed reload, in  1.098 seconds
Platform modules already initialized, skipping
Shader 'Universal Render Pipeline/Particles/Lit': fallback shader 'Universal Render Pipeline/Particles/SimpleLit' not found
Refreshing native plugins compatible for Editor in 0.51 ms, found 1 plugins.
Preloading 0 native plugins for Editor in 0.00 ms.
Unloading 3115 Unused Serialized files (Serialized files now loaded: 0)
System memory in use before: 147.6 MB.
System memory in use after: 147.8 MB.

Unloading 14 unused Assets to reduce memory usage. Loaded Objects now: 3759.
Total: 2.182300 ms (FindLiveObjects: 0.293400 ms CreateObjectMapping: 0.140700 ms MarkObjects: 1.731800 ms  DeleteObjects: 0.015200 ms)

========================================================================
Received Prepare
Registering precompiled user dll's ...
Registered in 0.003313 seconds.
Begin MonoManager ReloadAssembly
Native extension for WindowsStandalone target not found
Refreshing native plugins compatible for Editor in 0.54 ms, found 1 plugins.
Preloading 0 native plugins for Editor in 0.00 ms.
Mono: successfully reloaded assembly
- Completed reload, in  0.996 seconds
Platform modules already initialized, skipping
Shader 'Universal Render Pipeline/Particles/Lit': fallback shader 'Universal Render Pipeline/Particles/SimpleLit' not found
Refreshing native plugins compatible for Editor in 0.52 ms, found 1 plugins.
Preloading 0 native plugins for Editor in 0.00 ms.
Unloading 3115 Unused Serialized files (Serialized files now loaded: 0)
System memory in use before: 147.6 MB.
System memory in use after: 147.9 MB.

Unloading 14 unused Assets to reduce memory usage. Loaded Objects now: 3762.
Total: 2.959500 ms (FindLiveObjects: 0.430000 ms CreateObjectMapping: 0.154900 ms MarkObjects: 2.351900 ms  DeleteObjects: 0.020900 ms)

========================================================================
Received Prepare
Registering precompiled user dll's ...
Registered in 0.003298 seconds.
Begin MonoManager ReloadAssembly
Native extension for WindowsStandalone target not found
Refreshing native plugins compatible for Editor in 0.65 ms, found 1 plugins.
Preloading 0 native plugins for Editor in 0.00 ms.
Mono: successfully reloaded assembly
- Completed reload, in  1.044 seconds
Platform modules already initialized, skipping
Shader 'Universal Render Pipeline/Particles/Lit': fallback shader 'Universal Render Pipeline/Particles/SimpleLit' not found
Refreshing native plugins compatible for Editor in 0.52 ms, found 1 plugins.
Preloading 0 native plugins for Editor in 0.00 ms.
Unloading 3115 Unused Serialized files (Serialized files now loaded: 0)
System memory in use before: 147.6 MB.
System memory in use after: 147.9 MB.

Unloading 14 unused Assets to reduce memory usage. Loaded Objects now: 3765.
Total: 2.487700 ms (FindLiveObjects: 0.272900 ms CreateObjectMapping: 0.156200 ms MarkObjects: 2.038400 ms  DeleteObjects: 0.019100 ms)

========================================================================
Received Prepare
Registering precompiled user dll's ...
Registered in 0.003383 seconds.
Begin MonoManager ReloadAssembly
Native extension for WindowsStandalone target not found
Refreshing native plugins compatible for Editor in 0.60 ms, found 1 plugins.
Preloading 0 native plugins for Editor in 0.00 ms.
Mono: successfully reloaded assembly
- Completed reload, in  1.008 seconds
Platform modules already initialized, skipping
Shader 'Universal Render Pipeline/Particles/Lit': fallback shader 'Universal Render Pipeline/Particles/SimpleLit' not found
Refreshing native plugins compatible for Editor in 0.60 ms, found 1 plugins.
Preloading 0 native plugins for Editor in 0.00 ms.
Unloading 3115 Unused Serialized files (Serialized files now loaded: 0)
System memory in use before: 147.6 MB.
System memory in use after: 147.9 MB.

Unloading 14 unused Assets to reduce memory usage. Loaded Objects now: 3768.
Total: 2.304700 ms (FindLiveObjects: 0.319300 ms CreateObjectMapping: 0.160000 ms MarkObjects: 1.809900 ms  DeleteObjects: 0.014300 ms)

========================================================================
Received Prepare
Registering precompiled user dll's ...
Registered in 0.003622 seconds.
Begin MonoManager ReloadAssembly
Native extension for WindowsStandalone target not found
Refreshing native plugins compatible for Editor in 0.86 ms, found 1 plugins.
Preloading 0 native plugins for Editor in 0.00 ms.
Mono: successfully reloaded assembly
- Completed reload, in  1.153 seconds
Platform modules already initialized, skipping
Shader 'Universal Render Pipeline/Particles/Lit': fallback shader 'Universal Render Pipeline/Particles/SimpleLit' not found
Refreshing native plugins compatible for Editor in 0.56 ms, found 1 plugins.
Preloading 0 native plugins for Editor in 0.00 ms.
Unloading 3115 Unused Serialized files (Serialized files now loaded: 0)
System memory in use before: 147.6 MB.
System memory in use after: 147.9 MB.

Unloading 14 unused Assets to reduce memory usage. Loaded Objects now: 3771.
Total: 3.637400 ms (FindLiveObjects: 0.457600 ms CreateObjectMapping: 0.345300 ms MarkObjects: 2.811600 ms  DeleteObjects: 0.021000 ms)

========================================================================
Received Prepare
Registering precompiled user dll's ...
Registered in 0.003199 seconds.
Begin MonoManager ReloadAssembly
Native extension for WindowsStandalone target not found
Refreshing native plugins compatible for Editor in 0.68 ms, found 1 plugins.
Preloading 0 native plugins for Editor in 0.00 ms.
Mono: successfully reloaded assembly
- Completed reload, in  1.127 seconds
Platform modules already initialized, skipping
Shader 'Universal Render Pipeline/Particles/Lit': fallback shader 'Universal Render Pipeline/Particles/SimpleLit' not found
Refreshing native plugins compatible for Editor in 0.75 ms, found 1 plugins.
Preloading 0 native plugins for Editor in 0.00 ms.
Unloading 3115 Unused Serialized files (Serialized files now loaded: 0)
System memory in use before: 147.6 MB.
System memory in use after: 147.9 MB.

Unloading 14 unused Assets to reduce memory usage. Loaded Objects now: 3774.
Total: 2.729300 ms (FindLiveObjects: 0.335400 ms CreateObjectMapping: 0.149800 ms MarkObjects: 2.218200 ms  DeleteObjects: 0.023100 ms)

========================================================================
Received Prepare
Registering precompiled user dll's ...
Registered in 0.003984 seconds.
Begin MonoManager ReloadAssembly
Native extension for WindowsStandalone target not found
Refreshing native plugins compatible for Editor in 0.53 ms, found 1 plugins.
Preloading 0 native plugins for Editor in 0.00 ms.
Mono: successfully reloaded assembly
- Completed reload, in  1.104 seconds
Platform modules already initialized, skipping
Shader 'Universal Render Pipeline/Particles/Lit': fallback shader 'Universal Render Pipeline/Particles/SimpleLit' not found
Refreshing native plugins compatible for Editor in 0.65 ms, found 1 plugins.
Preloading 0 native plugins for Editor in 0.00 ms.
Unloading 3115 Unused Serialized files (Serialized files now loaded: 0)
System memory in use before: 147.7 MB.
System memory in use after: 147.9 MB.

Unloading 14 unused Assets to reduce memory usage. Loaded Objects now: 3777.
Total: 3.419200 ms (FindLiveObjects: 0.323800 ms CreateObjectMapping: 0.198800 ms MarkObjects: 2.873500 ms  DeleteObjects: 0.021700 ms)

========================================================================
Received Prepare
Shader 'Universal Render Pipeline/Particles/Lit': fallback shader 'Universal Render Pipeline/Particles/SimpleLit' not found
Refreshing native plugins compatible for Editor in 3.33 ms, found 1 plugins.
Preloading 0 native plugins for Editor in 0.00 ms.
Unloading 12 Unused Serialized files (Serialized files now loaded: 0)
System memory in use before: 85.9 MB.
System memory in use after: 86.1 MB.

Unloading 12 unused Assets to reduce memory usage. Loaded Objects now: 3777.
Total: 2.813400 ms (FindLiveObjects: 0.328600 ms CreateObjectMapping: 0.165400 ms MarkObjects: 2.302400 ms  DeleteObjects: 0.015900 ms)

========================================================================
Received Prepare
Shader 'Universal Render Pipeline/Particles/Lit': fallback shader 'Universal Render Pipeline/Particles/SimpleLit' not found
Refreshing native plugins compatible for Editor in 4.41 ms, found 1 plugins.
Preloading 0 native plugins for Editor in 0.00 ms.
Unloading 12 Unused Serialized files (Serialized files now loaded: 0)
System memory in use before: 85.9 MB.
System memory in use after: 86.1 MB.

Unloading 12 unused Assets to reduce memory usage. Loaded Objects now: 3777.
Total: 4.434700 ms (FindLiveObjects: 0.858000 ms CreateObjectMapping: 0.313300 ms MarkObjects: 3.244000 ms  DeleteObjects: 0.017400 ms)

========================================================================
Received Prepare
Registering precompiled user dll's ...
Registered in 0.003244 seconds.
Begin MonoManager ReloadAssembly
Native extension for WindowsStandalone target not found
Refreshing native plugins compatible for Editor in 0.52 ms, found 1 plugins.
Preloading 0 native plugins for Editor in 0.00 ms.
Mono: successfully reloaded assembly
- Completed reload, in  0.911 seconds
Platform modules already initialized, skipping
Shader 'Universal Render Pipeline/Particles/Lit': fallback shader 'Universal Render Pipeline/Particles/SimpleLit' not found
Refreshing native plugins compatible for Editor in 0.55 ms, found 1 plugins.
Preloading 0 native plugins for Editor in 0.00 ms.
Unloading 3115 Unused Serialized files (Serialized files now loaded: 0)
System memory in use before: 147.7 MB.
System memory in use after: 147.9 MB.

Unloading 14 unused Assets to reduce memory usage. Loaded Objects now: 3780.
Total: 2.527900 ms (FindLiveObjects: 0.423900 ms CreateObjectMapping: 0.188700 ms MarkObjects: 1.898000 ms  DeleteObjects: 0.016100 ms)

========================================================================
Received Prepare
Shader 'Universal Render Pipeline/Particles/Lit': fallback shader 'Universal Render Pipeline/Particles/SimpleLit' not found
Refreshing native plugins compatible for Editor in 3.33 ms, found 1 plugins.
Preloading 0 native plugins for Editor in 0.00 ms.
Unloading 12 Unused Serialized files (Serialized files now loaded: 0)
System memory in use before: 85.9 MB.
System memory in use after: 86.1 MB.

Unloading 12 unused Assets to reduce memory usage. Loaded Objects now: 3780.
Total: 2.860500 ms (FindLiveObjects: 0.448300 ms CreateObjectMapping: 0.167700 ms MarkObjects: 2.227700 ms  DeleteObjects: 0.015700 ms)

========================================================================
Received Prepare
Registering precompiled user dll's ...
Registered in 0.003730 seconds.
Begin MonoManager ReloadAssembly
Native extension for WindowsStandalone target not found
Refreshing native plugins compatible for Editor in 0.88 ms, found 1 plugins.
Preloading 0 native plugins for Editor in 0.00 ms.
Mono: successfully reloaded assembly
- Completed reload, in  1.171 seconds
Platform modules already initialized, skipping
Shader 'Universal Render Pipeline/Particles/Lit': fallback shader 'Universal Render Pipeline/Particles/SimpleLit' not found
Refreshing native plugins compatible for Editor in 0.56 ms, found 1 plugins.
Preloading 0 native plugins for Editor in 0.00 ms.
Unloading 3115 Unused Serialized files (Serialized files now loaded: 0)
System memory in use before: 147.7 MB.
System memory in use after: 147.9 MB.

Unloading 14 unused Assets to reduce memory usage. Loaded Objects now: 3783.
Total: 2.889600 ms (FindLiveObjects: 0.434900 ms CreateObjectMapping: 0.199600 ms MarkObjects: 2.235200 ms  DeleteObjects: 0.018000 ms)

========================================================================
Received Prepare
Registering precompiled user dll's ...
Registered in 0.004643 seconds.
Begin MonoManager ReloadAssembly
Native extension for WindowsStandalone target not found
Refreshing native plugins compatible for Editor in 0.53 ms, found 1 plugins.
Preloading 0 native plugins for Editor in 0.00 ms.
Mono: successfully reloaded assembly
- Completed reload, in  0.960 seconds
Platform modules already initialized, skipping
Shader 'Universal Render Pipeline/Particles/Lit': fallback shader 'Universal Render Pipeline/Particles/SimpleLit' not found
Refreshing native plugins compatible for Editor in 0.65 ms, found 1 plugins.
Preloading 0 native plugins for Editor in 0.00 ms.
Unloading 3115 Unused Serialized files (Serialized files now loaded: 0)
System memory in use before: 147.7 MB.
System memory in use after: 147.9 MB.

Unloading 14 unused Assets to reduce memory usage. Loaded Objects now: 3786.
Total: 3.710000 ms (FindLiveObjects: 0.569800 ms CreateObjectMapping: 0.236500 ms MarkObjects: 2.879700 ms  DeleteObjects: 0.022500 ms)

========================================================================
Received Prepare
Shader 'Universal Render Pipeline/Particles/Lit': fallback shader 'Universal Render Pipeline/Particles/SimpleLit' not found
Refreshing native plugins compatible for Editor in 3.63 ms, found 1 plugins.
Preloading 0 native plugins for Editor in 0.00 ms.
Unloading 12 Unused Serialized files (Serialized files now loaded: 0)
System memory in use before: 85.9 MB.
System memory in use after: 86.1 MB.

Unloading 12 unused Assets to reduce memory usage. Loaded Objects now: 3786.
Total: 3.020100 ms (FindLiveObjects: 0.366600 ms CreateObjectMapping: 0.237800 ms MarkObjects: 2.391100 ms  DeleteObjects: 0.023200 ms)

========================================================================
Received Prepare
Shader 'Universal Render Pipeline/Particles/Lit': fallback shader 'Universal Render Pipeline/Particles/SimpleLit' not found
Refreshing native plugins compatible for Editor in 3.80 ms, found 1 plugins.
Preloading 0 native plugins for Editor in 0.00 ms.
Unloading 12 Unused Serialized files (Serialized files now loaded: 0)
System memory in use before: 85.9 MB.
System memory in use after: 86.1 MB.

Unloading 12 unused Assets to reduce memory usage. Loaded Objects now: 3786.
Total: 3.208700 ms (FindLiveObjects: 0.684800 ms CreateObjectMapping: 0.186800 ms MarkObjects: 2.314600 ms  DeleteObjects: 0.020600 ms)

AssetImportWorkerClient::OnTransportError - code=2 error=End of file
